================================================================
== Design Size Report
================================================================

* Total Instructions per Compilation Phase
+---------------+-----------------------------+--------------+----------------------------------------------------------------------------------------+
| Phase         | Step                        | Instructions | Description                                                                            |
+---------------+-----------------------------+--------------+----------------------------------------------------------------------------------------+
| Compile/Link  |                             |    40,890    | After all functions are compiled and linked into a single design                       |
|               |                             |              |                                                                                        |
| Unroll/Inline |                             |              | After user unroll and inline pragmas are applied                                       |
|               | (1) unroll                  |    58,372    | user unroll pragmas are applied                                                        |
|               | (2) simplification          |    44,178    | simplification of applied user unroll pragmas                                          |
|               | (3) inline                  |    42,925    | user inline pragmas are applied                                                        |
|               | (4) simplification          |    40,910    | simplification of applied user inline pragmas                                          |
|               |                             |              |                                                                                        |
| Array/Struct  |                             |              | After user array partition and struct aggregate/disaggregate pragmas are applied       |
|               | (1) array partition         | 1,869,089 *  | user array partition pragmas are applied                                               |
|               | (2) simplification          |    40,420    | simplification of applied user array partition & struct aggregate/disaggregate pragmas |
|               | (3) aggregate/disaggregate  |    40,420    | user struct aggregate/disaggregate pragmas are applied                                 |
|               | (4) array reshape           |    53,239    | apply array reshape pragmas                                                            |
|               | (5) access patterns         |    34,775    | array access pattern optmizations                                                      |
|               |                             |              |                                                                                        |
| Performance   |                             |              | After transformations are applied to meet performance pragma targets                   |
|               | (1) loop simplification     |    34,030    | loop and instruction simplification                                                    |
|               | (2) parallelization         |    34,000    | loops are unrolled or pipelined to meet performance targets                            |
|               | (3) array partition         |    31,296    | arrays are partitioned to meet performance targets                                     |
|               | (4) simplification          |    31,296    | simplification of design after performance transformations                             |
|               |                             |              |                                                                                        |
| HW Transforms |                             |              | After hardware transfomations                                                          |
|               | (1) lowering                |    31,307    | initial conversion to HW specific instructions                                         |
|               | (2) optimizations           |    31,321    | high level synthesis optimizations                                                     |
+---------------+-----------------------------+--------------+----------------------------------------------------------------------------------------+
    * - Exceeded design size warning message threshold

* Instructions per Function for each Compilation Phase
+-----------------------------------------+---------------------------+-----------------+-----------------+-----------------+-----------------+-----------------+
| Function                                | Location                  | Compile/Link    | Unroll/Inline   | Array/Struct    | Performance     | HW Transforms   |
+-----------------------------------------+---------------------------+-----------------+-----------------+-----------------+-----------------+-----------------+
| + myproject                             | myproject.cpp:6           | 40,890          | 40,910          | 34,775          | 31,296          | 31,321          |
|  + conv_2d_cl<ap_fixed<6, 2, AP...      | nnet_conv2d.h:42          | 33,019          | 25,707          | 17,556          | 15,529          | 15,534          |
|   + conv_2d_latency_cl<ap_fixed<...     | nnet_conv2d_latency.h:11  | 33,017          | 25,705          | 17,554          | 15,526          | 15,530          |
|      fill_buffer                        | nnet_code_gen.h:32        | 32,449          | 25,450          | 13,959          | 13,283          | 13,283          |
|      product                            | nnet_mult.h:70            |   141           |                 |                 |                 |                 |
|      cast<ap_fixed<6, 2, AP_TRN, ...    | nnet_mult.h:112           |     3           |                 |                 |                 |                 |
|    relu<ap_fixed<6, 2, AP_TRN, ...      | nnet_activation.h:39      |   177           | 12,168          | 10,817          | 9,465           | 9,466           |
|  + dense<ap_fixed<6, 2, AP_TRN,...      | nnet_dense.h:36           |   528           |                 |                 |                 |                 |
|   + dense_resource<ap_fixed<6, 2...     | nnet_dense_resource.h:246 |   526           |                 |                 |                 |                 |
|    + dense_resource_rf_leq_nin<ap...    | nnet_dense_resource.h:13  |   524           |                 |                 |                 |                 |
|       product                           | nnet_mult.h:70            |   141           |                 |                 |                 |                 |
|       cast<ap_fixed<6, 2, AP_TRN, ...   | nnet_mult.h:112           |     3           |                 |                 |                 |                 |
|  + softmax<ap_fixed<6, 2, AP_TR...      | nnet_activation.h:379     | 7,117           |                 |                 |                 |                 |
|   + softmax_stable<ap_fixed<6, 2...     | nnet_activation.h:216     | 7,115           |                 |                 |                 |                 |
|    + init_exp_table<ap_fixed<6, 2...    | nnet_activation.h:149     | 1,198           |                 |                 |                 |                 |
|       softmax_real_val_from_idx<ap...   | nnet_activation.h:133     |   447           |                 |                 |                 |                 |
|       exp_fcn_float                     | nnet_activation.h:131     |     4           |                 |                 |                 |                 |
|    + init_invert_table<ap_fixed<1...    | nnet_activation.h:160     | 1,447           |                 |                 |                 |                 |
|       softmax_real_val_from_idx<ap...   | nnet_activation.h:133     |   700           |                 |                 |                 |                 |
|    + reduce<ap_fixed<6, 2, AP_TRN...    | nnet_common.h:36          |   266           |                 |                 |                 |                 |
|     + reduce<ap_fixed<6, 2, AP_TRN...   | nnet_common.h:36          |   207           |                 |                 |                 |                 |
|      + reduce<ap_fixed<6, 2, AP_TRN...  | nnet_common.h:36          |   178 (2 calls) |                 |                 |                 |                 |
|       + reduce<ap_fixed<6, 2, AP_TRN... | nnet_common.h:36          |   120 (4 calls) |                 |                 |                 |                 |
|          operator()                     | nnet_common.h:65          |    80 (4 calls) |                 |                 |                 |                 |
|         operator()                      | nnet_common.h:65          |    40 (2 calls) |                 |                 |                 |                 |
|        operator()                       | nnet_common.h:65          |    20           |                 |                 |                 |                 |
|     + reduce<ap_fixed<6, 2, AP_TRN...   | nnet_common.h:36          |    30           |                 |                 |                 |                 |
|        operator()                       | nnet_common.h:65          |    20           |                 |                 |                 |                 |
|       operator()                        | nnet_common.h:65          |    20           |                 |                 |                 |                 |
|      softmax_idx_from_real_val<ap...    | nnet_activation.h:141     |    98           |                 |                 |                 |                 |
|    + reduce<ap_fixed<18, 8, AP_RN...    | nnet_common.h:36          | 3,002           |                 |                 |                 |                 |
|     + reduce<ap_fixed<18, 8, AP_RN...   | nnet_common.h:36          | 2,335           |                 |                 |                 |                 |
|      + reduce<ap_fixed<18, 8, AP_RN...  | nnet_common.h:36          | 2,002 (2 calls) |                 |                 |                 |                 |
|       + reduce<ap_fixed<18, 8, AP_RN... | nnet_common.h:36          | 1,336 (4 calls) |                 |                 |                 |                 |
|          operator()                     | nnet_common.h:50          | 1,296 (4 calls) |                 |                 |                 |                 |
|         operator()                      | nnet_common.h:50          |   648 (2 calls) |                 |                 |                 |                 |
|        operator()                       | nnet_common.h:50          |   324           |                 |                 |                 |                 |
|     + reduce<ap_fixed<18, 8, AP_RN...   | nnet_common.h:36          |   334           |                 |                 |                 |                 |
|        operator()                       | nnet_common.h:50          |   324           |                 |                 |                 |                 |
|       operator()                        | nnet_common.h:50          |   324           |                 |                 |                 |                 |
|      softmax_idx_from_real_val<ap...    | nnet_activation.h:141     |    98           |                 |                 |                 |                 |
|  + dense_resource<ap_fixed<6, 2...      | nnet_dense_resource.h:246 |                 | 2,216           | 3,001           | 2,981           | 2,996           |
|     dense_resource_rf_leq_nin<ap...     | nnet_dense_resource.h:13  |                 | 2,214           | 2,999           | 1,627           | 1,642           |
|  + softmax_stable<ap_fixed<6, 2...      | nnet_activation.h:216     |                 |   783           |   669           |   589           |   581           |
|     reduce<ap_fixed<6, 2, AP_TRN...     | nnet_common.h:36          |                 |   165           |    30           |    20           |    20           |
|     reduce<ap_fixed<18, 8, AP_RN...     | nnet_common.h:36          |                 |   154 (2 calls) |   168 (2 calls) |   148 (2 calls) |   148 (2 calls) |
+-----------------------------------------+---------------------------+-----------------+-----------------+-----------------+-----------------+-----------------+

* Design Size Message Settings
+---------------------------------------------+--------+------------------------------------------------------------------+
| Message Setting                             | Value  | Description                                                      |
+---------------------------------------------+--------+------------------------------------------------------------------+
| config_compile -design_size_maximum_warning | 100000 | Show a warning when total design instructions exceeds this value |
+---------------------------------------------+--------+------------------------------------------------------------------+


